[0.080s] DEBUG:colcon:Command line arguments: ['/usr/bin/colcon', 'build']
[0.080s] DEBUG:colcon:Parsed command line arguments: Namespace(log_base=None, log_level=None, verb_name='build', build_base='build', install_base='install', merge_install=False, symlink_install=False, test_result_base=None, continue_on_error=False, executor='parallel', parallel_workers=8, event_handlers=None, ignore_user_meta=False, metas=['./colcon.meta'], base_paths=['.'], packages_ignore=None, packages_ignore_regex=None, paths=None, packages_up_to=None, packages_up_to_regex=None, packages_above=None, packages_above_and_dependencies=None, packages_above_depth=None, packages_select_by_dep=None, packages_skip_by_dep=None, packages_skip_up_to=None, packages_select_build_failed=False, packages_skip_build_finished=False, packages_select_test_failures=False, packages_skip_test_passed=False, packages_select=None, packages_skip=None, packages_select_regex=None, packages_skip_regex=None, packages_start=None, packages_end=None, allow_overriding=[], cmake_args=None, cmake_target=None, cmake_target_skip_unavailable=False, cmake_clean_cache=False, cmake_clean_first=False, cmake_force_configure=False, ament_cmake_args=None, catkin_cmake_args=None, catkin_skip_building_tests=False, verb_parser=<colcon_defaults.argument_parser.defaults.DefaultArgumentsDecorator object at 0x7af2d653d570>, verb_extension=<colcon_core.verb.build.BuildVerb object at 0x7af2d653cbe0>, main=<bound method BuildVerb.main of <colcon_core.verb.build.BuildVerb object at 0x7af2d653cbe0>>)
[0.239s] Level 1:colcon.colcon_core.package_discovery:discover_packages(colcon_meta) check parameters
[0.239s] Level 1:colcon.colcon_core.package_discovery:discover_packages(recursive) check parameters
[0.239s] Level 1:colcon.colcon_core.package_discovery:discover_packages(ignore) check parameters
[0.239s] Level 1:colcon.colcon_core.package_discovery:discover_packages(path) check parameters
[0.239s] Level 1:colcon.colcon_core.package_discovery:discover_packages(colcon_meta) discover
[0.239s] Level 1:colcon.colcon_core.package_discovery:discover_packages(recursive) discover
[0.239s] INFO:colcon.colcon_core.package_discovery:Crawling recursively for packages in '/home/rafa/p1_m6/turtlesim_ws/src'
[0.239s] Level 1:colcon.colcon_core.package_identification:_identify(.) by extensions ['ignore', 'ignore_ament_install']
[0.239s] Level 1:colcon.colcon_core.package_identification:_identify(.) by extension 'ignore'
[0.239s] Level 1:colcon.colcon_core.package_identification:_identify(.) by extension 'ignore_ament_install'
[0.239s] Level 1:colcon.colcon_core.package_identification:_identify(.) by extensions ['colcon_pkg']
[0.239s] Level 1:colcon.colcon_core.package_identification:_identify(.) by extension 'colcon_pkg'
[0.239s] Level 1:colcon.colcon_core.package_identification:_identify(.) by extensions ['colcon_meta']
[0.239s] Level 1:colcon.colcon_core.package_identification:_identify(.) by extension 'colcon_meta'
[0.239s] Level 1:colcon.colcon_core.package_identification:_identify(.) by extensions ['ros']
[0.239s] Level 1:colcon.colcon_core.package_identification:_identify(.) by extension 'ros'
[0.248s] Level 1:colcon.colcon_core.package_identification:_identify(.) by extensions ['cmake', 'python']
[0.248s] Level 1:colcon.colcon_core.package_identification:_identify(.) by extension 'cmake'
[0.248s] Level 1:colcon.colcon_core.package_identification:_identify(.) by extension 'python'
[0.248s] Level 1:colcon.colcon_core.package_identification:_identify(.) by extensions ['python_setup_py']
[0.249s] Level 1:colcon.colcon_core.package_identification:_identify(.) by extension 'python_setup_py'
[0.249s] Level 1:colcon.colcon_core.package_identification:_identify(build) by extensions ['ignore', 'ignore_ament_install']
[0.249s] Level 1:colcon.colcon_core.package_identification:_identify(build) by extension 'ignore'
[0.249s] Level 1:colcon.colcon_core.package_identification:_identify(build) ignored
[0.249s] Level 1:colcon.colcon_core.package_identification:_identify(install) by extensions ['ignore', 'ignore_ament_install']
[0.249s] Level 1:colcon.colcon_core.package_identification:_identify(install) by extension 'ignore'
[0.249s] Level 1:colcon.colcon_core.package_identification:_identify(install) ignored
[0.249s] Level 1:colcon.colcon_core.package_identification:_identify(log) by extensions ['ignore', 'ignore_ament_install']
[0.249s] Level 1:colcon.colcon_core.package_identification:_identify(log) by extension 'ignore'
[0.249s] Level 1:colcon.colcon_core.package_identification:_identify(log) ignored
[0.249s] Level 1:colcon.colcon_core.package_identification:_identify(turtlesim_pkg) by extensions ['ignore', 'ignore_ament_install']
[0.249s] Level 1:colcon.colcon_core.package_identification:_identify(turtlesim_pkg) by extension 'ignore'
[0.249s] Level 1:colcon.colcon_core.package_identification:_identify(turtlesim_pkg) by extension 'ignore_ament_install'
[0.249s] Level 1:colcon.colcon_core.package_identification:_identify(turtlesim_pkg) by extensions ['colcon_pkg']
[0.249s] Level 1:colcon.colcon_core.package_identification:_identify(turtlesim_pkg) by extension 'colcon_pkg'
[0.249s] Level 1:colcon.colcon_core.package_identification:_identify(turtlesim_pkg) by extensions ['colcon_meta']
[0.249s] Level 1:colcon.colcon_core.package_identification:_identify(turtlesim_pkg) by extension 'colcon_meta'
[0.249s] Level 1:colcon.colcon_core.package_identification:_identify(turtlesim_pkg) by extensions ['ros']
[0.249s] Level 1:colcon.colcon_core.package_identification:_identify(turtlesim_pkg) by extension 'ros'
[0.277s] DEBUG:colcon.colcon_core.package_identification:Package 'turtlesim_pkg' with type 'ros.ament_python' and name 'turtlesim_pkg'
[0.277s] Level 1:colcon.colcon_core.package_discovery:discover_packages(recursive) using defaults
[0.278s] Level 1:colcon.colcon_core.package_discovery:discover_packages(ignore) discover
[0.278s] Level 1:colcon.colcon_core.package_discovery:discover_packages(ignore) using defaults
[0.278s] Level 1:colcon.colcon_core.package_discovery:discover_packages(path) discover
[0.278s] Level 1:colcon.colcon_core.package_discovery:discover_packages(path) using defaults
[0.301s] Level 1:colcon.colcon_core.package_discovery:discover_packages(prefix_path) check parameters
[0.301s] Level 1:colcon.colcon_core.package_discovery:discover_packages(prefix_path) discover
[0.302s] DEBUG:colcon.colcon_installed_package_information.package_discovery:Found 0 installed packages in /home/rafa/p1_m6/turtlesim_ws/install
[0.304s] DEBUG:colcon.colcon_installed_package_information.package_discovery:Found 384 installed packages in /opt/ros/humble
[0.305s] Level 1:colcon.colcon_core.package_discovery:discover_packages(prefix_path) using defaults
[0.339s] Level 5:colcon.colcon_core.verb:set package 'turtlesim_pkg' build argument 'cmake_args' from command line to 'None'
[0.339s] Level 5:colcon.colcon_core.verb:set package 'turtlesim_pkg' build argument 'cmake_target' from command line to 'None'
[0.339s] Level 5:colcon.colcon_core.verb:set package 'turtlesim_pkg' build argument 'cmake_target_skip_unavailable' from command line to 'False'
[0.339s] Level 5:colcon.colcon_core.verb:set package 'turtlesim_pkg' build argument 'cmake_clean_cache' from command line to 'False'
[0.339s] Level 5:colcon.colcon_core.verb:set package 'turtlesim_pkg' build argument 'cmake_clean_first' from command line to 'False'
[0.339s] Level 5:colcon.colcon_core.verb:set package 'turtlesim_pkg' build argument 'cmake_force_configure' from command line to 'False'
[0.339s] Level 5:colcon.colcon_core.verb:set package 'turtlesim_pkg' build argument 'ament_cmake_args' from command line to 'None'
[0.339s] Level 5:colcon.colcon_core.verb:set package 'turtlesim_pkg' build argument 'catkin_cmake_args' from command line to 'None'
[0.339s] Level 5:colcon.colcon_core.verb:set package 'turtlesim_pkg' build argument 'catkin_skip_building_tests' from command line to 'False'
[0.339s] DEBUG:colcon.colcon_core.verb:Building package 'turtlesim_pkg' with the following arguments: {'ament_cmake_args': None, 'build_base': '/home/rafa/p1_m6/turtlesim_ws/src/build/turtlesim_pkg', 'catkin_cmake_args': None, 'catkin_skip_building_tests': False, 'cmake_args': None, 'cmake_clean_cache': False, 'cmake_clean_first': False, 'cmake_force_configure': False, 'cmake_target': None, 'cmake_target_skip_unavailable': False, 'install_base': '/home/rafa/p1_m6/turtlesim_ws/src/install/turtlesim_pkg', 'merge_install': False, 'path': '/home/rafa/p1_m6/turtlesim_ws/src/turtlesim_pkg', 'symlink_install': False, 'test_result_base': None}
[0.339s] INFO:colcon.colcon_core.executor:Executing jobs using 'parallel' executor
[0.340s] DEBUG:colcon.colcon_parallel_executor.executor.parallel:run_until_complete
[0.341s] INFO:colcon.colcon_ros.task.ament_python.build:Building ROS package in '/home/rafa/p1_m6/turtlesim_ws/src/turtlesim_pkg' with build type 'ament_python'
[0.341s] Level 1:colcon.colcon_core.shell:create_environment_hook('turtlesim_pkg', 'ament_prefix_path')
[0.342s] INFO:colcon.colcon_core.plugin_system:Skipping extension 'colcon_core.shell.bat': Not used on non-Windows systems
[0.343s] INFO:colcon.colcon_core.shell:Creating environment hook '/home/rafa/p1_m6/turtlesim_ws/src/install/turtlesim_pkg/share/turtlesim_pkg/hook/ament_prefix_path.ps1'
[0.355s] INFO:colcon.colcon_core.shell:Creating environment descriptor '/home/rafa/p1_m6/turtlesim_ws/src/install/turtlesim_pkg/share/turtlesim_pkg/hook/ament_prefix_path.dsv'
[0.367s] INFO:colcon.colcon_core.shell:Creating environment hook '/home/rafa/p1_m6/turtlesim_ws/src/install/turtlesim_pkg/share/turtlesim_pkg/hook/ament_prefix_path.sh'
[0.380s] INFO:colcon.colcon_core.shell:Skip shell extension 'powershell' for command environment: Not usable outside of PowerShell
[0.380s] DEBUG:colcon.colcon_core.shell:Skip shell extension 'dsv' for command environment
[0.779s] INFO:colcon.colcon_core.task.python.build:Building Python package in '/home/rafa/p1_m6/turtlesim_ws/src/turtlesim_pkg'
[0.780s] INFO:colcon.colcon_core.shell:Skip shell extension 'powershell' for command environment: Not usable outside of PowerShell
[0.780s] DEBUG:colcon.colcon_core.shell:Skip shell extension 'dsv' for command environment
[2.828s] DEBUG:colcon.colcon_core.event_handler.log_command:Invoking command in '/home/rafa/p1_m6/turtlesim_ws/src/turtlesim_pkg': PYTHONPATH=/home/rafa/p1_m6/turtlesim_ws/src/build/turtlesim_pkg/prefix_override:/home/rafa/p1_m6/turtlesim_ws/src/install/turtlesim_pkg/lib/python3.10/site-packages:${PYTHONPATH} /usr/bin/python3 -W ignore:setup.py install is deprecated setup.py egg_info --egg-base ../build/turtlesim_pkg build --build-base /home/rafa/p1_m6/turtlesim_ws/src/build/turtlesim_pkg/build install --record /home/rafa/p1_m6/turtlesim_ws/src/build/turtlesim_pkg/install.log --single-version-externally-managed install_data
[3.098s] DEBUG:colcon.colcon_core.event_handler.log_command:Invoked command in '/home/rafa/p1_m6/turtlesim_ws/src/turtlesim_pkg' returned '0': PYTHONPATH=/home/rafa/p1_m6/turtlesim_ws/src/build/turtlesim_pkg/prefix_override:/home/rafa/p1_m6/turtlesim_ws/src/install/turtlesim_pkg/lib/python3.10/site-packages:${PYTHONPATH} /usr/bin/python3 -W ignore:setup.py install is deprecated setup.py egg_info --egg-base ../build/turtlesim_pkg build --build-base /home/rafa/p1_m6/turtlesim_ws/src/build/turtlesim_pkg/build install --record /home/rafa/p1_m6/turtlesim_ws/src/build/turtlesim_pkg/install.log --single-version-externally-managed install_data
[3.229s] Level 1:colcon.colcon_core.environment:checking '/home/rafa/p1_m6/turtlesim_ws/src/install/turtlesim_pkg' for CMake module files
[3.230s] Level 1:colcon.colcon_core.environment:checking '/home/rafa/p1_m6/turtlesim_ws/src/install/turtlesim_pkg' for CMake config files
[3.231s] Level 1:colcon.colcon_core.environment:checking '/home/rafa/p1_m6/turtlesim_ws/src/install/turtlesim_pkg/lib'
[3.231s] Level 1:colcon.colcon_core.environment:checking '/home/rafa/p1_m6/turtlesim_ws/src/install/turtlesim_pkg/bin'
[3.231s] Level 1:colcon.colcon_core.environment:checking '/home/rafa/p1_m6/turtlesim_ws/src/install/turtlesim_pkg/lib/pkgconfig/turtlesim_pkg.pc'
[3.232s] Level 1:colcon.colcon_core.environment:checking '/home/rafa/p1_m6/turtlesim_ws/src/install/turtlesim_pkg/lib/python3.10/site-packages'
[3.232s] Level 1:colcon.colcon_core.shell:create_environment_hook('turtlesim_pkg', 'pythonpath')
[3.232s] INFO:colcon.colcon_core.shell:Creating environment hook '/home/rafa/p1_m6/turtlesim_ws/src/install/turtlesim_pkg/share/turtlesim_pkg/hook/pythonpath.ps1'
[3.233s] INFO:colcon.colcon_core.shell:Creating environment descriptor '/home/rafa/p1_m6/turtlesim_ws/src/install/turtlesim_pkg/share/turtlesim_pkg/hook/pythonpath.dsv'
[3.234s] INFO:colcon.colcon_core.shell:Creating environment hook '/home/rafa/p1_m6/turtlesim_ws/src/install/turtlesim_pkg/share/turtlesim_pkg/hook/pythonpath.sh'
[3.235s] Level 1:colcon.colcon_core.environment:checking '/home/rafa/p1_m6/turtlesim_ws/src/install/turtlesim_pkg/bin'
[3.235s] Level 1:colcon.colcon_core.environment:create_environment_scripts_only(turtlesim_pkg)
[3.236s] INFO:colcon.colcon_core.shell:Creating package script '/home/rafa/p1_m6/turtlesim_ws/src/install/turtlesim_pkg/share/turtlesim_pkg/package.ps1'
[3.249s] INFO:colcon.colcon_core.shell:Creating package descriptor '/home/rafa/p1_m6/turtlesim_ws/src/install/turtlesim_pkg/share/turtlesim_pkg/package.dsv'
[3.262s] INFO:colcon.colcon_core.shell:Creating package script '/home/rafa/p1_m6/turtlesim_ws/src/install/turtlesim_pkg/share/turtlesim_pkg/package.sh'
[3.275s] INFO:colcon.colcon_core.shell:Creating package script '/home/rafa/p1_m6/turtlesim_ws/src/install/turtlesim_pkg/share/turtlesim_pkg/package.bash'
[3.289s] INFO:colcon.colcon_core.shell:Creating package script '/home/rafa/p1_m6/turtlesim_ws/src/install/turtlesim_pkg/share/turtlesim_pkg/package.zsh'
[3.302s] Level 1:colcon.colcon_core.environment:create_file_with_runtime_dependencies(/home/rafa/p1_m6/turtlesim_ws/src/install/turtlesim_pkg/share/colcon-core/packages/turtlesim_pkg)
[3.302s] DEBUG:colcon.colcon_parallel_executor.executor.parallel:closing loop
[3.303s] DEBUG:colcon.colcon_parallel_executor.executor.parallel:loop closed
[3.304s] DEBUG:colcon.colcon_parallel_executor.executor.parallel:run_until_complete finished with '0'
[3.304s] DEBUG:colcon.colcon_core.event_reactor:joining thread
[3.313s] INFO:colcon.colcon_core.plugin_system:Skipping extension 'colcon_notification.desktop_notification.terminal_notifier': Not used on non-Darwin systems
[3.314s] INFO:colcon.colcon_core.plugin_system:Skipping extension 'colcon_notification.desktop_notification.win32': Not used on non-Windows systems
[3.314s] INFO:colcon.colcon_notification.desktop_notification:Sending desktop notification using 'notify2'
[3.338s] DEBUG:colcon.colcon_core.event_reactor:joined thread
[3.338s] INFO:colcon.colcon_core.shell:Creating prefix script '/home/rafa/p1_m6/turtlesim_ws/src/install/local_setup.ps1'
[3.340s] INFO:colcon.colcon_core.shell:Creating prefix util module '/home/rafa/p1_m6/turtlesim_ws/src/install/_local_setup_util_ps1.py'
[3.341s] INFO:colcon.colcon_core.shell:Creating prefix chain script '/home/rafa/p1_m6/turtlesim_ws/src/install/setup.ps1'
[3.343s] INFO:colcon.colcon_core.shell:Creating prefix script '/home/rafa/p1_m6/turtlesim_ws/src/install/local_setup.sh'
[3.344s] INFO:colcon.colcon_core.shell:Creating prefix util module '/home/rafa/p1_m6/turtlesim_ws/src/install/_local_setup_util_sh.py'
[3.344s] INFO:colcon.colcon_core.shell:Creating prefix chain script '/home/rafa/p1_m6/turtlesim_ws/src/install/setup.sh'
[3.345s] INFO:colcon.colcon_core.shell:Creating prefix script '/home/rafa/p1_m6/turtlesim_ws/src/install/local_setup.bash'
[3.346s] INFO:colcon.colcon_core.shell:Creating prefix chain script '/home/rafa/p1_m6/turtlesim_ws/src/install/setup.bash'
[3.346s] INFO:colcon.colcon_core.shell:Creating prefix script '/home/rafa/p1_m6/turtlesim_ws/src/install/local_setup.zsh'
[3.347s] INFO:colcon.colcon_core.shell:Creating prefix chain script '/home/rafa/p1_m6/turtlesim_ws/src/install/setup.zsh'
